[INFO] 04:24:06:914 KERNEL/(11488:11488): Conectado correctamente.
[INFO] 04:24:06:914 KERNEL/(11488:11488): Conectado correctamente.
[INFO] 04:24:06:914 KERNEL/(11488:11488): Conectado correctamente.
[INFO] 04:24:06:915 KERNEL/(11488:11488): Conectado correctamente.
[INFO] 04:24:17:847 KERNEL/(11488:11490): Se crea el proceso 1 en NEW
[INFO] 04:25:10:095 KERNEL/(11488:11490): INICIO DE PLANIFICACION
[INFO] 04:25:10:095 KERNEL/(11488:11493): PID: 1 - Estado Anterior: NEW - Estado Actual: READY
[INFO] 04:25:10:095 KERNEL/(11488:11493): Cola Ready FIFO: [1]
[INFO] 04:25:10:095 KERNEL/(11488:11497): PID: 1 - Estado Anterior: READY - Estado Actual: EXEC
[INFO] 04:25:19:904 KERNEL/(11488:11494): PID: 1 - Estado Anterior: EXEC - Estado Actual: BLOCKED
[INFO] 04:25:37:353 KERNEL/(11488:11494): PID: 1 - Estado Anterior: EXEC - Estado Actual: READY
[INFO] 04:25:37:353 KERNEL/(11488:11494): Cola Ready FIFO: [1]
[INFO] 04:28:46:785 KERNEL/(11610:11610): Conectado correctamente.
[INFO] 04:28:46:785 KERNEL/(11610:11610): Conectado correctamente.
[INFO] 04:28:46:786 KERNEL/(11610:11610): Conectado correctamente.
[INFO] 04:28:46:786 KERNEL/(11610:11610): Conectado correctamente.
[INFO] 04:28:55:967 KERNEL/(11610:11612): Se crea el proceso 1 en NEW
[INFO] 04:29:03:255 KERNEL/(11610:11612): INICIO DE PLANIFICACION
[INFO] 04:29:03:255 KERNEL/(11610:11614): PID: 1 - Estado Anterior: NEW - Estado Actual: READY
[INFO] 04:29:03:255 KERNEL/(11610:11614): Cola Ready FIFO: [1]
[INFO] 04:29:03:255 KERNEL/(11610:11618): PID: 1 - Estado Anterior: READY - Estado Actual: EXEC
[INFO] 04:29:04:265 KERNEL/(11610:11615): PID: 1 - Estado Anterior: EXEC - Estado Actual: BLOCKED
[INFO] 04:30:42:333 KERNEL/(11610:11615): PID: 1 - Estado Anterior: EXEC - Estado Actual: READY
[INFO] 04:30:42:382 KERNEL/(11610:11615): Cola Ready FIFO: [1]
[INFO] 04:46:57:504 KERNEL/(12176:12176): Conectado correctamente.
[INFO] 04:46:57:548 KERNEL/(12176:12176): Conectado correctamente.
[INFO] 04:46:57:548 KERNEL/(12176:12176): Conectado correctamente.
[INFO] 04:46:57:548 KERNEL/(12176:12176): Conectado correctamente.
[INFO] 04:47:25:786 KERNEL/(12176:12200): Se crea el proceso 1 en NEW
[INFO] 04:47:45:494 KERNEL/(12176:12200): INICIO DE PLANIFICACION
[INFO] 04:47:45:495 KERNEL/(12176:12206): PID: 1 - Estado Anterior: NEW - Estado Actual: READY
[INFO] 04:47:45:495 KERNEL/(12176:12206): Cola Ready FIFO: [1]
[INFO] 04:47:45:496 KERNEL/(12176:12210): PID: 1 - Estado Anterior: READY - Estado Actual: EXEC
[INFO] 04:47:54:465 KERNEL/(12176:12207): PID: 1 - Estado Anterior: EXEC - Estado Actual: BLOCKED
[INFO] 04:48:05:282 KERNEL/(12176:12207): PID: 1 - Estado Anterior: EXEC - Estado Actual: READY
[INFO] 04:48:05:282 KERNEL/(12176:12207): Cola Ready FIFO: [1]
